<?xml version="1.0" encoding="UTF-8"?>
<!-- Generated by org.testng.reporters.JUnitXMLReporter -->
<testsuite hostname="BHAGAYASHREE-PC" ignored="0" name="Test" tests="1" failures="0" timestamp="25 Feb 2019 16:56:47 GMT" time="0.078" errors="0">
  <testcase name="@BeforeSuite configexcell" time="0.0" classname="com.learn.Frmawork.Pages.base">
    <failure type="java.lang.NoSuchFieldError" message="RETURN_NULL_AND_BLANK">
      <![CDATA[java.lang.NoSuchFieldError: RETURN_NULL_AND_BLANK
	at org.apache.poi.xssf.usermodel.XSSFWorkbook.<init>(XSSFWorkbook.java:126)
	at com.learn.Frmawork.Utility.Excelldataprovider.<init>(Excelldataprovider.java:20)
	at com.learn.Frmawork.Pages.base.configexcell(base.java:27)
... Removed 19 stack frames]]>
    </failure>
  </testcase> <!-- @BeforeSuite configexcell -->
  <testcase name="@BeforeClass browsersetup" time="0.0" classname="com.learn.Frmawork.Pages.base">
    <skipped/>
  </testcase> <!-- @BeforeClass browsersetup -->
  <testcase name="@AfterMethod takescreenshoot" time="0.0" classname="com.learn.Frmawork.Pages.base">
    <skipped/>
  </testcase> <!-- @AfterMethod takescreenshoot -->
  <testcase name="@AfterClass Closingbrowser" time="0.0" classname="com.learn.Frmawork.Pages.base">
    <skipped/>
  </testcase> <!-- @AfterClass Closingbrowser -->
  <testcase name="Loginapp" time="0.001" classname="com.learn.Frmawork.Testcases.Login_Page">
    <skipped/>
  </testcase> <!-- Loginapp -->
</testsuite> <!-- Test -->
