<?xml version="1.0" encoding="UTF-8"?>
<!-- Generated by org.testng.reporters.JUnitXMLReporter -->
<testsuite hostname="BHAGAYASHREE-PC" ignored="0" name="Default test" tests="1" failures="0" timestamp="25 Feb 2019 17:08:49 GMT" time="0.076" errors="0">
  <testcase name="@BeforeSuite configexcell" time="0.0" classname="com.learn.Frmawork.Pages.base">
    <failure type="java.lang.NoSuchFieldError" message="RETURN_NULL_AND_BLANK">
      <![CDATA[java.lang.NoSuchFieldError: RETURN_NULL_AND_BLANK
	at org.apache.poi.xssf.usermodel.XSSFWorkbook.<init>(XSSFWorkbook.java:126)
	at com.learn.Frmawork.Utility.Excelldataprovider.<init>(Excelldataprovider.java:20)
	at com.learn.Frmawork.Pages.base.configexcell(base.java:29)
	at sun.reflect.NativeMethodAccessorImpl.invoke0(Native Method)
	at sun.reflect.NativeMethodAccessorImpl.invoke(Unknown Source)
	at sun.reflect.DelegatingMethodAccessorImpl.invoke(Unknown Source)
	at java.lang.reflect.Method.invoke(Unknown Source)
	at org.testng.internal.MethodInvocationHelper.invokeMethod(MethodInvocationHelper.java:104)
	at org.testng.internal.Invoker.invokeConfigurationMethod(Invoker.java:515)
	at org.testng.internal.Invoker.invokeConfigurations(Invoker.java:217)
	at org.testng.internal.Invoker.invokeConfigurations(Invoker.java:144)
	at org.testng.SuiteRunner.privateRun(SuiteRunner.java:326)
	at org.testng.SuiteRunner.run(SuiteRunner.java:289)
	at org.testng.SuiteRunnerWorker.runSuite(SuiteRunnerWorker.java:52)
	at org.testng.SuiteRunnerWorker.run(SuiteRunnerWorker.java:86)
	at org.testng.TestNG.runSuitesSequentially(TestNG.java:1293)
	at org.testng.TestNG.runSuitesLocally(TestNG.java:1218)
	at org.testng.TestNG.runSuites(TestNG.java:1133)
	at org.testng.TestNG.run(TestNG.java:1104)
	at org.testng.remote.AbstractRemoteTestNG.run(AbstractRemoteTestNG.java:114)
	at org.testng.remote.RemoteTestNG.initAndRun(RemoteTestNG.java:251)
	at org.testng.remote.RemoteTestNG.main(RemoteTestNG.java:77)
]]>
    </failure>
  </testcase> <!-- @BeforeSuite configexcell -->
  <testcase name="@BeforeClass browsersetup" time="0.0" classname="com.learn.Frmawork.Pages.base">
    <skipped/>
  </testcase> <!-- @BeforeClass browsersetup -->
  <testcase name="@AfterMethod takescreenshoot" time="0.0" classname="com.learn.Frmawork.Pages.base">
    <skipped/>
  </testcase> <!-- @AfterMethod takescreenshoot -->
  <testcase name="@AfterClass Closingbrowser" time="0.0" classname="com.learn.Frmawork.Pages.base">
    <skipped/>
  </testcase> <!-- @AfterClass Closingbrowser -->
  <testcase name="Loginapp" time="0.002" classname="com.learn.Frmawork.Testcases.Login_Page">
    <skipped/>
  </testcase> <!-- Loginapp -->
</testsuite> <!-- Default test -->
